Apr 11, 2025 20:01:31.062 [0xffff991ffb08] INFO - Plex Tuner Service v1.41.6.9685-d301f511a - Docker Docker Container (LinuxServer.io) aarch64 - build: 
Apr 11, 2025 20:01:31.063 [0xffff991ffb08] INFO - Linux version: 6.10.14-linuxkit (#1 SMP Thu Mar 20 16:32:56 UTC 2025), language: en-US
Apr 11, 2025 20:01:31.063 [0xffff991ffb08] INFO - Processor Unknown architecture
Apr 11, 2025 20:01:31.063 [0xffff991ffb08] INFO - /usr/lib/plexmediaserver/Plex Tuner Service /usr/lib/plexmediaserver/Resources/Tuner/Private /usr/lib/plexmediaserver/Resources/Tuner/Shared 1.41.6.9685-d301f511a 32600
Apr 11, 2025 20:01:31.057 [0xffff9b486890] INFO - [I] broker_t::start...
Apr 11, 2025 20:01:31.058 [0xffff9b486890] INFO - [I] device_manager_t::init.
Apr 11, 2025 20:01:31.058 [0xffff9b486890] INFO - [I] device_manager_t::init. Initialize provider manager
Apr 11, 2025 20:01:31.058 [0xffff9b486890] INFO - [I] device_manager_t::init. Initialize all device auxes
Apr 11, 2025 20:01:31.058 [0xffff9b486890] INFO - [I] dvb_device_factory_t::get_aux_list
Apr 11, 2025 20:01:31.058 [0xffff9b486890] INFO - [I] tvbutler_aux_t::init
Apr 11, 2025 20:01:31.059 [0xffff9b486890] INFO - [I] web_server_t::start. Starting web server on port 32600
Apr 11, 2025 20:01:40.202 [0xffff98ff9b08] INFO - [I] web_service_t::process_device_discovery
Apr 11, 2025 20:01:40.202 [0xffff98ff9b08] INFO - [I] device_reactor_t::get_device_list ()
Apr 11, 2025 20:01:42.256 [0xffff98ff9b08] INFO - [I] SAT2IP - discover_satip_servers(): no servers found
Apr 11, 2025 20:01:42.685 [0xffff98ff9b08] INFO - [I] v4l::DeviceGetList_impl. getting v4l device list
Apr 11, 2025 20:01:42.688 [0xffff98ff9b08] INFO - [I] onetv_factory::DeviceGetListEx >>
Apr 11, 2025 20:01:42.688 [0xffff98ff9b08] WARN - [W] onetv_factory::DeviceGetListEx. libusb_init returned an error -99
Apr 11, 2025 20:05:11.040 [0xffff9b486890] INFO - Received SIGINT: Interrupt from keyboard.
Apr 11, 2025 20:05:11.090 [0xffff9b486890] INFO - [I] device_manager_t::term
Apr 11, 2025 20:05:11.090 [0xffff9b486890] INFO - [I] device_manager_t::term. Stop all devices
Apr 11, 2025 20:05:11.090 [0xffff9b486890] INFO - [I] device_manager_t::term. Shut down all device auxes
Apr 11, 2025 20:05:11.090 [0xffff9b486890] INFO - [I] tvbutler_aux_t::term
Apr 11, 2025 20:05:11.091 [0xffff9b486890] INFO - [I] web_server_t::stop. Web server is stopped
Apr 11, 2025 20:05:11.091 [0xffff9b486890] INFO - [I] device_manager_t::term
Apr 11, 2025 20:05:11.091 [0xffff9b486890] INFO - [I] device_manager_t::term. Stop all devices
Apr 11, 2025 20:05:11.091 [0xffff9b486890] INFO - [I] device_manager_t::term. Shut down all device auxes
Apr 11, 2025 20:05:11.091 [0xffff9b486890] INFO - [I] broker_t::shutdown. Shutdown is completed.
