250411 19:25:28 mysqld_safe Starting mariadbd daemon with databases from /config/databases
2025-04-11 19:25:28 0 [Warning] Setting lower_case_table_names=2 because file system for /config/databases/ is case insensitive
2025-04-11 19:25:28 0 [Note] Starting MariaDB 11.4.5-MariaDB-log source revision 0771110266ff5c04216af4bf1243c65f8c67ccf4 server_uid 4T+992vmm24psE7n/75eZfVytAI= as process 493
2025-04-11 19:25:28 0 [Note] InnoDB: Compressed tables use zlib 1.3.1
2025-04-11 19:25:28 0 [Note] InnoDB: Number of transaction pools: 1
2025-04-11 19:25:28 0 [Note] InnoDB: Using ARMv8 crc32 + pmull instructions
2025-04-11 19:25:29 0 [Note] InnoDB: Using Linux native AIO
2025-04-11 19:25:29 0 [Note] InnoDB: Initializing buffer pool, total size = 256.000MiB, chunk size = 4.000MiB
2025-04-11 19:25:29 0 [Note] InnoDB: Completed initialization of buffer pool
2025-04-11 19:25:29 0 [Note] InnoDB: Buffered log writes (block size=512 bytes)
2025-04-11 19:25:29 0 [Note] InnoDB: End of log at LSN=47763
2025-04-11 19:25:29 0 [Note] InnoDB: Opened 3 undo tablespaces
2025-04-11 19:25:29 0 [Note] InnoDB: 128 rollback segments in 3 undo tablespaces are active.
2025-04-11 19:25:29 0 [Note] InnoDB: Setting file './ibtmp1' size to 12.000MiB. Physically writing the file full; Please wait ...
2025-04-11 19:25:29 0 [Note] InnoDB: File './ibtmp1' size is now 12.000MiB.
2025-04-11 19:25:29 0 [Note] InnoDB: log sequence number 47763; transaction id 14
2025-04-11 19:25:29 0 [Note] Plugin 'FEEDBACK' is disabled.
2025-04-11 19:25:29 0 [Note] Plugin 'wsrep-provider' is disabled.
2025-04-11 19:25:29 0 [Note] InnoDB: Loading buffer pool(s) from /config/databases/ib_buffer_pool
2025-04-11 19:25:29 0 [Note] InnoDB: Buffer pool(s) load completed at 250411 19:25:29
2025-04-11 19:25:29 0 [Note] Server socket created on IP: '0.0.0.0'.
2025-04-11 19:25:29 0 [Note] Server socket created on IP: '::'.
2025-04-11 19:25:29 0 [Note] mariadbd: Event Scheduler: Loaded 0 events
2025-04-11 19:25:29 0 [Note] /usr/bin/mariadbd: ready for connections.
Version: '11.4.5-MariaDB-log'  socket: '/run/mysqld/mysqld.sock'  port: 3306  Alpine Linux
2025-04-11 19:25:30 4 [Warning] Aborted connection 4 to db: 'unconnected' user: 'unauthenticated' host: 'localhost' (This connection closed normally without authentication)
